[debug] [2024-08-19T13:17:40.203Z] ----------------------------------------------------------------------
[debug] [2024-08-19T13:17:40.205Z] Command:       C:\Program Files\nodejs\node.exe C:\Users\turua\AppData\Roaming\npm\node_modules\firebase-tools\lib\bin\firebase.js init hosting
[debug] [2024-08-19T13:17:40.205Z] CLI Version:   13.15.2
[debug] [2024-08-19T13:17:40.205Z] Platform:      win32
[debug] [2024-08-19T13:17:40.205Z] Node Version:  v20.11.0
[debug] [2024-08-19T13:17:40.205Z] Time:          Mon Aug 19 2024 16:17:40 GMT+0300 (שעון ישראל (קיץ))
[debug] [2024-08-19T13:17:40.205Z] ----------------------------------------------------------------------
[debug] 
[debug] [2024-08-19T13:17:40.210Z] > command requires scopes: ["email","openid","https://www.googleapis.com/auth/cloudplatformprojects.readonly","https://www.googleapis.com/auth/firebase","https://www.googleapis.com/auth/cloud-platform"]
[debug] [2024-08-19T13:17:40.210Z] > authorizing via signed-in user (calanitakalo@gmail.com)
[info] 
     ######## #### ########  ######## ########     ###     ######  ########
     ##        ##  ##     ## ##       ##     ##  ##   ##  ##       ##
     ######    ##  ########  ######   ########  #########  ######  ######
     ##        ##  ##    ##  ##       ##     ## ##     ##       ## ##
     ##       #### ##     ## ######## ########  ##     ##  ######  ########

You're about to initialize a Firebase project in this directory:

  C:\Users\turua\OneDrive\Desktop\כלנית\סמסטר ג 2024\FRONTEND\project-little-linguist

[info] 
=== Project Setup
[info] 
[info] First, let's associate this project directory with a Firebase project.
[info] You can create multiple project aliases by running firebase use --add, 
[info] but for now we'll just set up a default project.
[info] 
[debug] [2024-08-19T13:17:44.908Z] >>> [apiv2][query] GET https://firebase.googleapis.com/v1beta1/projects pageSize=100
[debug] [2024-08-19T13:17:45.397Z] <<< [apiv2][status] GET https://firebase.googleapis.com/v1beta1/projects 200
[debug] [2024-08-19T13:17:45.397Z] <<< [apiv2][body] GET https://firebase.googleapis.com/v1beta1/projects [omitted]
